[2026-06-18T10:26:37.773+0000] {local_task_job_runner.py:120} INFO - ::group::Pre task execution logs
[2026-06-18T10:26:37.836+0000] {taskinstance.py:2073} INFO - Dependencies all met for dep_context=non-requeueable deps ti=<TaskInstance: load.load_stg manual__2026-06-18T10:26:36.415110+00:00 [queued]>
[2026-06-18T10:26:37.848+0000] {taskinstance.py:2073} INFO - Dependencies all met for dep_context=requeueable deps ti=<TaskInstance: load.load_stg manual__2026-06-18T10:26:36.415110+00:00 [queued]>
[2026-06-18T10:26:37.849+0000] {taskinstance.py:2303} INFO - Starting attempt 1 of 1
[2026-06-18T10:26:37.863+0000] {taskinstance.py:2327} INFO - Executing <Task(PythonOperator): load_stg> on 2026-06-18 10:26:36.415110+00:00
[2026-06-18T10:26:37.876+0000] {standard_task_runner.py:90} INFO - Running: ['airflow', 'tasks', 'run', 'load', 'load_stg', 'manual__2026-06-18T10:26:36.415110+00:00', '--job-id', '17', '--raw', '--subdir', 'DAGS_FOLDER/load_dag.py', '--cfg-path', '/tmp/tmpl_rjb7aj']
[2026-06-18T10:26:37.879+0000] {standard_task_runner.py:91} INFO - Job 17: Subtask load_stg
[2026-06-18T10:26:37.880+0000] {logging_mixin.py:188} WARNING - /home/airflow/.local/lib/python3.12/site-packages/airflow/task/task_runner/standard_task_runner.py:61 DeprecationWarning: This process (pid=10669) is multi-threaded, use of fork() may lead to deadlocks in the child.
[2026-06-18T10:26:37.881+0000] {standard_task_runner.py:63} INFO - Started process 10670 to run task
[2026-06-18T10:26:37.957+0000] {task_command.py:426} INFO - Running <TaskInstance: load.load_stg manual__2026-06-18T10:26:36.415110+00:00 [running]> on host eb8f3b1d504f
[2026-06-18T10:26:38.060+0000] {taskinstance.py:2644} INFO - Exporting env vars: AIRFLOW_CTX_DAG_OWNER='airflow' AIRFLOW_CTX_DAG_ID='load' AIRFLOW_CTX_TASK_ID='load_stg' AIRFLOW_CTX_EXECUTION_DATE='2026-06-18T10:26:36.415110+00:00' AIRFLOW_CTX_TRY_NUMBER='1' AIRFLOW_CTX_DAG_RUN_ID='manual__2026-06-18T10:26:36.415110+00:00'
[2026-06-18T10:26:38.062+0000] {taskinstance.py:430} INFO - ::endgroup::
[2026-06-18T10:26:38.086+0000] {taskinstance.py:441} INFO - ::group::Post task execution logs
[2026-06-18T10:26:38.087+0000] {taskinstance.py:2890} ERROR - Task failed with exception
Traceback (most recent call last):
  File "/home/airflow/.local/lib/python3.12/site-packages/airflow/models/taskinstance.py", line 465, in _execute_task
    result = _execute_callable(context=context, **execute_callable_kwargs)
             ^^^^^^^^^^^^^^^^^^^^^^^^^^^^^^^^^^^^^^^^^^^^^^^^^^^^^^^^^^^^^
  File "/home/airflow/.local/lib/python3.12/site-packages/airflow/models/taskinstance.py", line 432, in _execute_callable
    return execute_callable(context=context, **execute_callable_kwargs)
           ^^^^^^^^^^^^^^^^^^^^^^^^^^^^^^^^^^^^^^^^^^^^^^^^^^^^^^^^^^^^
  File "/home/airflow/.local/lib/python3.12/site-packages/airflow/models/baseoperator.py", line 400, in wrapper
    return func(self, *args, **kwargs)
           ^^^^^^^^^^^^^^^^^^^^^^^^^^^
  File "/home/airflow/.local/lib/python3.12/site-packages/airflow/operators/python.py", line 235, in execute
    return_value = self.execute_callable()
                   ^^^^^^^^^^^^^^^^^^^^^^^
  File "/home/airflow/.local/lib/python3.12/site-packages/airflow/operators/python.py", line 252, in execute_callable
    return self.python_callable(*self.op_args, **self.op_kwargs)
           ^^^^^^^^^^^^^^^^^^^^^^^^^^^^^^^^^^^^^^^^^^^^^^^^^^^^^
  File "/opt/airflow/scripts/load/load_stg.py", line 227, in load_stg
    connection = psycopg2.connect(**DB_CONFIG)
                 ^^^^^^^^^^^^^^^^^^^^^^^^^^^^^
  File "/home/airflow/.local/lib/python3.12/site-packages/psycopg2/__init__.py", line 122, in connect
    conn = _connect(dsn, connection_factory=connection_factory, **kwasync)
           ^^^^^^^^^^^^^^^^^^^^^^^^^^^^^^^^^^^^^^^^^^^^^^^^^^^^^^^^^^^^^^^
psycopg2.OperationalError: connection to server on socket "/var/run/postgresql/.s.PGSQL.5432" failed: No such file or directory
	Is the server running locally and accepting connections on that socket?

[2026-06-18T10:26:38.107+0000] {taskinstance.py:1205} INFO - Marking task as FAILED. dag_id=load, task_id=load_stg, execution_date=20260618T102636, start_date=20260618T102637, end_date=20260618T102638
[2026-06-18T10:26:38.125+0000] {standard_task_runner.py:110} ERROR - Failed to execute job 17 for task load_stg (connection to server on socket "/var/run/postgresql/.s.PGSQL.5432" failed: No such file or directory
	Is the server running locally and accepting connections on that socket?
; 10670)
[2026-06-18T10:26:38.136+0000] {local_task_job_runner.py:240} INFO - Task exited with return code 1
[2026-06-18T10:26:38.160+0000] {taskinstance.py:3482} INFO - 0 downstream tasks scheduled from follow-on schedule check
[2026-06-18T10:26:38.169+0000] {local_task_job_runner.py:222} INFO - ::endgroup::
