[2026-06-18T09:28:52.138+0000] {local_task_job_runner.py:120} INFO - ::group::Pre task execution logs
[2026-06-18T09:28:52.312+0000] {taskinstance.py:2073} INFO - Dependencies all met for dep_context=non-requeueable deps ti=<TaskInstance: transform.transform_raw manual__2026-06-18T09:28:46.490148+00:00 [queued]>
[2026-06-18T09:28:52.320+0000] {taskinstance.py:2073} INFO - Dependencies all met for dep_context=requeueable deps ti=<TaskInstance: transform.transform_raw manual__2026-06-18T09:28:46.490148+00:00 [queued]>
[2026-06-18T09:28:52.321+0000] {taskinstance.py:2303} INFO - Starting attempt 1 of 1
[2026-06-18T09:28:52.335+0000] {taskinstance.py:2327} INFO - Executing <Task(PythonOperator): transform_raw> on 2026-06-18 09:28:46.490148+00:00
[2026-06-18T09:28:52.344+0000] {standard_task_runner.py:90} INFO - Running: ['airflow', 'tasks', 'run', 'transform', 'transform_raw', 'manual__2026-06-18T09:28:46.490148+00:00', '--job-id', '12', '--raw', '--subdir', 'DAGS_FOLDER/transform_dag.py', '--cfg-path', '/tmp/tmpngj4xnkn']
[2026-06-18T09:28:52.346+0000] {logging_mixin.py:188} WARNING - /home/airflow/.local/lib/python3.12/site-packages/airflow/task/task_runner/standard_task_runner.py:61 DeprecationWarning: This process (pid=8747) is multi-threaded, use of fork() may lead to deadlocks in the child.
[2026-06-18T09:28:52.346+0000] {standard_task_runner.py:91} INFO - Job 12: Subtask transform_raw
[2026-06-18T09:28:52.347+0000] {standard_task_runner.py:63} INFO - Started process 8749 to run task
[2026-06-18T09:28:52.420+0000] {task_command.py:426} INFO - Running <TaskInstance: transform.transform_raw manual__2026-06-18T09:28:46.490148+00:00 [running]> on host eb8f3b1d504f
[2026-06-18T09:28:52.508+0000] {taskinstance.py:2644} INFO - Exporting env vars: AIRFLOW_CTX_DAG_OWNER='airflow' AIRFLOW_CTX_DAG_ID='transform' AIRFLOW_CTX_TASK_ID='transform_raw' AIRFLOW_CTX_EXECUTION_DATE='2026-06-18T09:28:46.490148+00:00' AIRFLOW_CTX_TRY_NUMBER='1' AIRFLOW_CTX_DAG_RUN_ID='manual__2026-06-18T09:28:46.490148+00:00'
[2026-06-18T09:28:52.509+0000] {taskinstance.py:430} INFO - ::endgroup::
[2026-06-18T09:28:52.520+0000] {transform_raw.py:20} INFO - Найден каталог /opt/airflow/transformed_data
[2026-06-18T09:28:52.521+0000] {transform_raw.py:24} INFO - Файл с сырыми данными /opt/airflow/raw_data/worldbank_data_food_inflation.csv
[2026-06-18T09:29:59.814+0000] {transform_raw.py:27} INFO - Прочитан файл с сырыми данными
[2026-06-18T09:29:59.867+0000] {transform_raw.py:33} INFO - Прочитан файл с наименованиями продуктов /opt/airflow/raw_data/products.csv
[2026-06-18T09:31:37.537+0000] {transform_raw.py:54} INFO - Записаны данные в файл /opt/airflow/transformed_data/food_inflation.csv
[2026-06-18T09:31:39.735+0000] {python.py:237} INFO - Done. Returned value was: None
[2026-06-18T09:31:39.740+0000] {taskinstance.py:441} INFO - ::group::Post task execution logs
[2026-06-18T09:31:39.781+0000] {taskinstance.py:1205} INFO - Marking task as SUCCESS. dag_id=transform, task_id=transform_raw, execution_date=20260618T092846, start_date=20260618T092852, end_date=20260618T093139
[2026-06-18T09:31:39.931+0000] {local_task_job_runner.py:240} INFO - Task exited with return code 0
[2026-06-18T09:31:39.991+0000] {taskinstance.py:3482} INFO - 1 downstream tasks scheduled from follow-on schedule check
[2026-06-18T09:31:39.995+0000] {local_task_job_runner.py:222} INFO - ::endgroup::
