[2026-06-18T12:08:26.539+0000] {local_task_job_runner.py:120} INFO - ::group::Pre task execution logs
[2026-06-18T12:08:26.726+0000] {taskinstance.py:2073} INFO - Dependencies all met for dep_context=non-requeueable deps ti=<TaskInstance: transform.transform_raw manual__2026-06-18T11:58:09.138811+00:00 [queued]>
[2026-06-18T12:08:26.734+0000] {taskinstance.py:2073} INFO - Dependencies all met for dep_context=requeueable deps ti=<TaskInstance: transform.transform_raw manual__2026-06-18T11:58:09.138811+00:00 [queued]>
[2026-06-18T12:08:26.734+0000] {taskinstance.py:2303} INFO - Starting attempt 1 of 1
[2026-06-18T12:08:26.749+0000] {taskinstance.py:2327} INFO - Executing <Task(PythonOperator): transform_raw> on 2026-06-18 11:58:09.138811+00:00
[2026-06-18T12:08:26.758+0000] {standard_task_runner.py:90} INFO - Running: ['airflow', 'tasks', 'run', 'transform', 'transform_raw', 'manual__2026-06-18T11:58:09.138811+00:00', '--job-id', '5', '--raw', '--subdir', 'DAGS_FOLDER/transform_dag.py', '--cfg-path', '/tmp/tmpqurwtkvn']
[2026-06-18T12:08:26.761+0000] {standard_task_runner.py:91} INFO - Job 5: Subtask transform_raw
[2026-06-18T12:08:26.761+0000] {logging_mixin.py:188} WARNING - /home/airflow/.local/lib/python3.12/site-packages/airflow/task/task_runner/standard_task_runner.py:61 DeprecationWarning: This process (pid=1840) is multi-threaded, use of fork() may lead to deadlocks in the child.
[2026-06-18T12:08:26.762+0000] {standard_task_runner.py:63} INFO - Started process 1844 to run task
[2026-06-18T12:08:26.918+0000] {task_command.py:426} INFO - Running <TaskInstance: transform.transform_raw manual__2026-06-18T11:58:09.138811+00:00 [running]> on host fe2acb493142
[2026-06-18T12:08:27.009+0000] {taskinstance.py:2644} INFO - Exporting env vars: AIRFLOW_CTX_DAG_OWNER='airflow' AIRFLOW_CTX_DAG_ID='transform' AIRFLOW_CTX_TASK_ID='transform_raw' AIRFLOW_CTX_EXECUTION_DATE='2026-06-18T11:58:09.138811+00:00' AIRFLOW_CTX_TRY_NUMBER='1' AIRFLOW_CTX_DAG_RUN_ID='manual__2026-06-18T11:58:09.138811+00:00'
[2026-06-18T12:08:27.011+0000] {taskinstance.py:430} INFO - ::endgroup::
[2026-06-18T12:08:27.030+0000] {transform_raw.py:20} INFO - Найден каталог /opt/airflow/transformed_data
[2026-06-18T12:08:27.031+0000] {transform_raw.py:24} INFO - Файл с сырыми данными /opt/airflow/raw_data/worldbank_data_food_inflation.csv
[2026-06-18T12:08:57.785+0000] {transform_raw.py:27} INFO - Прочитан файл с сырыми данными
[2026-06-18T12:08:57.885+0000] {transform_raw.py:33} INFO - Прочитан файл с наименованиями продуктов /opt/airflow/raw_data/products.csv
[2026-06-18T12:10:50.135+0000] {transform_raw.py:54} INFO - Записаны данные в файл /opt/airflow/transformed_data/food_inflation.csv
[2026-06-18T12:10:52.904+0000] {python.py:237} INFO - Done. Returned value was: None
[2026-06-18T12:10:52.924+0000] {taskinstance.py:441} INFO - ::group::Post task execution logs
[2026-06-18T12:10:53.076+0000] {taskinstance.py:1205} INFO - Marking task as SUCCESS. dag_id=transform, task_id=transform_raw, execution_date=20260618T115809, start_date=20260618T120826, end_date=20260618T121053
[2026-06-18T12:10:53.309+0000] {local_task_job_runner.py:240} INFO - Task exited with return code 0
[2026-06-18T12:10:53.476+0000] {taskinstance.py:3482} INFO - 1 downstream tasks scheduled from follow-on schedule check
[2026-06-18T12:10:53.479+0000] {local_task_job_runner.py:222} INFO - ::endgroup::
