[2026-06-17T17:59:42.643+0000] {local_task_job_runner.py:120} INFO - ::group::Pre task execution logs
[2026-06-17T17:59:42.678+0000] {taskinstance.py:2073} INFO - Dependencies all met for dep_context=non-requeueable deps ti=<TaskInstance: load.load_stg manual__2026-06-17T17:59:41.654925+00:00 [queued]>
[2026-06-17T17:59:42.687+0000] {taskinstance.py:2073} INFO - Dependencies all met for dep_context=requeueable deps ti=<TaskInstance: load.load_stg manual__2026-06-17T17:59:41.654925+00:00 [queued]>
[2026-06-17T17:59:42.688+0000] {taskinstance.py:2303} INFO - Starting attempt 1 of 1
[2026-06-17T17:59:42.705+0000] {taskinstance.py:2327} INFO - Executing <Task(PythonOperator): load_stg> on 2026-06-17 17:59:41.654925+00:00
[2026-06-17T17:59:42.713+0000] {standard_task_runner.py:90} INFO - Running: ['airflow', 'tasks', 'run', 'load', 'load_stg', 'manual__2026-06-17T17:59:41.654925+00:00', '--job-id', '2', '--raw', '--subdir', 'DAGS_FOLDER/load_dag.py', '--cfg-path', '/tmp/tmp2em1azw0']
[2026-06-17T17:59:42.717+0000] {standard_task_runner.py:91} INFO - Job 2: Subtask load_stg
[2026-06-17T17:59:42.717+0000] {logging_mixin.py:188} WARNING - /home/airflow/.local/lib/python3.12/site-packages/airflow/task/task_runner/standard_task_runner.py:61 DeprecationWarning: This process (pid=252) is multi-threaded, use of fork() may lead to deadlocks in the child.
[2026-06-17T17:59:42.718+0000] {standard_task_runner.py:63} INFO - Started process 253 to run task
[2026-06-17T17:59:42.808+0000] {task_command.py:426} INFO - Running <TaskInstance: load.load_stg manual__2026-06-17T17:59:41.654925+00:00 [running]> on host eb8f3b1d504f
[2026-06-17T17:59:42.907+0000] {taskinstance.py:2644} INFO - Exporting env vars: AIRFLOW_CTX_DAG_OWNER='airflow' AIRFLOW_CTX_DAG_ID='load' AIRFLOW_CTX_TASK_ID='load_stg' AIRFLOW_CTX_EXECUTION_DATE='2026-06-17T17:59:41.654925+00:00' AIRFLOW_CTX_TRY_NUMBER='1' AIRFLOW_CTX_DAG_RUN_ID='manual__2026-06-17T17:59:41.654925+00:00'
[2026-06-17T17:59:42.908+0000] {taskinstance.py:430} INFO - ::endgroup::
[2026-06-17T17:59:42.939+0000] {taskinstance.py:441} INFO - ::group::Post task execution logs
[2026-06-17T17:59:42.940+0000] {taskinstance.py:2890} ERROR - Task failed with exception
Traceback (most recent call last):
  File "/home/airflow/.local/lib/python3.12/site-packages/airflow/models/taskinstance.py", line 465, in _execute_task
    result = _execute_callable(context=context, **execute_callable_kwargs)
             ^^^^^^^^^^^^^^^^^^^^^^^^^^^^^^^^^^^^^^^^^^^^^^^^^^^^^^^^^^^^^
  File "/home/airflow/.local/lib/python3.12/site-packages/airflow/models/taskinstance.py", line 432, in _execute_callable
    return execute_callable(context=context, **execute_callable_kwargs)
           ^^^^^^^^^^^^^^^^^^^^^^^^^^^^^^^^^^^^^^^^^^^^^^^^^^^^^^^^^^^^
  File "/home/airflow/.local/lib/python3.12/site-packages/airflow/models/baseoperator.py", line 400, in wrapper
    return func(self, *args, **kwargs)
           ^^^^^^^^^^^^^^^^^^^^^^^^^^^
  File "/home/airflow/.local/lib/python3.12/site-packages/airflow/operators/python.py", line 235, in execute
    return_value = self.execute_callable()
                   ^^^^^^^^^^^^^^^^^^^^^^^
  File "/home/airflow/.local/lib/python3.12/site-packages/airflow/operators/python.py", line 252, in execute_callable
    return self.python_callable(*self.op_args, **self.op_kwargs)
           ^^^^^^^^^^^^^^^^^^^^^^^^^^^^^^^^^^^^^^^^^^^^^^^^^^^^^
  File "/opt/airflow/scripts/load/load_stg.py", line 227, in load_stg
    connection = psycopg2.connect(**DB_CONFIG)
                 ^^^^^^^^^^^^^^^^^^^^^^^^^^^^^
  File "/home/airflow/.local/lib/python3.12/site-packages/psycopg2/__init__.py", line 122, in connect
    conn = _connect(dsn, connection_factory=connection_factory, **kwasync)
           ^^^^^^^^^^^^^^^^^^^^^^^^^^^^^^^^^^^^^^^^^^^^^^^^^^^^^^^^^^^^^^^
psycopg2.OperationalError: connection to server at "localhost" (::1), port 5432 failed: Connection refused
	Is the server running on that host and accepting TCP/IP connections?
connection to server at "localhost" (127.0.0.1), port 5432 failed: Connection refused
	Is the server running on that host and accepting TCP/IP connections?

[2026-06-17T17:59:42.954+0000] {taskinstance.py:1205} INFO - Marking task as FAILED. dag_id=load, task_id=load_stg, execution_date=20260617T175941, start_date=20260617T175942, end_date=20260617T175942
[2026-06-17T17:59:42.969+0000] {standard_task_runner.py:110} ERROR - Failed to execute job 2 for task load_stg (connection to server at "localhost" (::1), port 5432 failed: Connection refused
	Is the server running on that host and accepting TCP/IP connections?
connection to server at "localhost" (127.0.0.1), port 5432 failed: Connection refused
	Is the server running on that host and accepting TCP/IP connections?
; 253)
[2026-06-17T17:59:43.013+0000] {local_task_job_runner.py:240} INFO - Task exited with return code 1
[2026-06-17T17:59:43.032+0000] {taskinstance.py:3482} INFO - 0 downstream tasks scheduled from follow-on schedule check
[2026-06-17T17:59:43.042+0000] {local_task_job_runner.py:222} INFO - ::endgroup::
